[debug] > Exec(early(addDefaultCommands), None, None)
[debug] > Exec(addDefaultCommands, None, None)
[debug] > Exec(early(initialize), None, None)
[debug] > Exec(initialize, None, None)
[debug] > Exec(--addPluginSbtFile=C:\Users\etudiant\AppData\Local\Temp\idea.sbt, None, None)
[debug] > Exec(addPluginSbtFile=C:\Users\etudiant\AppData\Local\Temp\idea.sbt, None, None)
[debug] > Exec(boot, None, None)
[debug] > Exec(writeSbtVersion, None, None)
[debug] > Exec(reload, None, None)
[debug] > Exec(sbtStashOnFailure, None, None)
[debug] > Exec(onFailure loadFailed, None, None)
[debug] > Exec(loadp, None, None)
[info] welcome to sbt 1.4.3 (Oracle Corporation Java 1.8.0_202)
[debug]       Load.loadUnit: plugins took 182.2008ms
[debug]       Load.loadUnit: defsScala took 1.9001ms
[debug] [Loading] Scanning directory C:\Users\etudiant\.sbt\1.0\plugins
[debug] [Loading] Found non-root projects 
[debug] [Loading] Done in C:\Users\etudiant\.sbt\1.0\plugins, returning: ()
[debug] deducing auto plugins based on known facts Set(Atom(sbt.plugins.CorePlugin)) and clauses Clauses(List(Clause(Atom(sbt.plugins.JvmPlugin),Set(Atom(sbt.plugins.IvyPlugin))), Clause(Atom(sbt.ScriptedPlugin),Set(Atom(sbt.plugins.JvmPlugin))), Clause(Atom(sbt.plugins.SbtPlugin),Set(Atom(sbt.ScriptedPlugin))), Clause(Atom(sbt.plugins.SemanticdbPlugin),Set(Atom(sbt.plugins.JvmPlugin))), Clause(Atom(sbt.plugins.JUnitXmlReportPlugin),Set(Atom(sbt.plugins.JvmPlugin))), Clause(Atom(sbt.plugins.MiniDependencyTreePlugin),Set(Atom(sbt.plugins.JvmPlugin))), Clause(Atom(sbt.plugins.CorePlugin),Set(Atom(sbt.plugins.IvyPlugin))), Clause(Atom(sbt.plugins.IvyPlugin),Set(Atom(sbt.plugins.JvmPlugin))), Clause(Atom(sbt.plugins.JvmPlugin),Set(Atom(sbt.plugins.SemanticdbPlugin))), Clause(Atom(sbt.plugins.JvmPlugin),Set(Atom(sbt.plugins.JUnitXmlReportPlugin))), Clause(Atom(sbt.plugins.CorePlugin),Set(Atom(sbt.plugins.Giter8TemplatePlugin))), Clause(Atom(sbt.plugins.JvmPlugin),Set(Atom(sbt.plugins.MiniDependencyTreePlugin)))))
[debug]   :: deduced result: Matched(sbt.plugins.CorePlugin,sbt.plugins.Giter8TemplatePlugin,sbt.plugins.IvyPlugin,sbt.plugins.JvmPlugin,sbt.plugins.MiniDependencyTreePlugin,sbt.plugins.JUnitXmlReportPlugin,sbt.plugins.SemanticdbPlugin)
[debug] Plugins.deducer#function took 41.3561 ms
[debug]           Load.resolveProject(global-plugins) took 81.1473ms
[debug]         Load.loadTransitive: finalizeProject(Project(id global-plugins, base: C:\Users\etudiant\.sbt\1.0\plugins, plugins: List(<none>))) took 164.441ms
[debug] [Loading] Done in C:\Users\etudiant\.sbt\1.0\plugins, returning: (global-plugins)
[debug]       Load.loadUnit: loadedProjectsRaw took 214.9546ms
[debug]       Load.loadUnit: cleanEvalClasses took 0.321ms
[debug]     Load.loadUnit(file:/C:/Users/etudiant/.sbt/1.0/plugins/, ...) took 413.4665ms
[debug]   Load.apply: load took 700.6232ms
[debug]   Load.apply: resolveProjects took 10.5875ms
[debug]   Load.apply: finalTransforms took 90.9199ms
[debug]   Load.apply: config.delegates took 16.1216ms
[debug]   Load.apply: Def.make(settings)... took 2424.298ms
[debug]   Load.apply: structureIndex took 303.3797ms
[debug]   Load.apply: mkStreams took 2.6095ms
[info] loading global plugins from C:\Users\etudiant\.sbt\1.0\plugins
[debug] Running task... Cancel: Signal, check cycles: false, forcegc: true
[debug] Load.defaultLoad until apply took 7690.2757ms
[debug]           Load.loadUnit: plugins took 46.669ms
[debug]           Load.loadUnit: defsScala took 0.0042ms
[debug] [Loading] Scanning directory C:\Users\etudiant\Documents\PDSIN3\project
[debug]             Load.loadUnit: mkEval took 14.2903ms
[debug] [Loading] Found non-root projects 
[debug] [Loading] Done in C:\Users\etudiant\Documents\PDSIN3\project, returning: ()
[debug] deducing auto plugins based on known facts Set(Atom(sbt.plugins.CorePlugin)) and clauses Clauses(List(Clause(Atom(sbt.plugins.JvmPlugin),Set(Atom(sbt.plugins.IvyPlugin))), Clause(Atom(sbt.ScriptedPlugin),Set(Atom(sbt.plugins.JvmPlugin))), Clause(Atom(sbt.plugins.SbtPlugin),Set(Atom(sbt.ScriptedPlugin))), Clause(Atom(sbt.plugins.SemanticdbPlugin),Set(Atom(sbt.plugins.JvmPlugin))), Clause(Atom(sbt.plugins.JUnitXmlReportPlugin),Set(Atom(sbt.plugins.JvmPlugin))), Clause(Atom(sbt.plugins.MiniDependencyTreePlugin),Set(Atom(sbt.plugins.JvmPlugin))), Clause(Atom(sbt.plugins.CorePlugin),Set(Atom(sbt.plugins.IvyPlugin))), Clause(Atom(sbt.plugins.IvyPlugin),Set(Atom(sbt.plugins.JvmPlugin))), Clause(Atom(sbt.plugins.JvmPlugin),Set(Atom(sbt.plugins.SemanticdbPlugin))), Clause(Atom(sbt.plugins.JvmPlugin),Set(Atom(sbt.plugins.JUnitXmlReportPlugin))), Clause(Atom(sbt.plugins.CorePlugin),Set(Atom(sbt.plugins.Giter8TemplatePlugin))), Clause(Atom(sbt.plugins.JvmPlugin),Set(Atom(sbt.plugins.MiniDependencyTreePlugin)))))
[debug]   :: deduced result: Matched(sbt.plugins.CorePlugin,sbt.plugins.Giter8TemplatePlugin,sbt.plugins.IvyPlugin,sbt.plugins.JvmPlugin,sbt.plugins.MiniDependencyTreePlugin,sbt.plugins.JUnitXmlReportPlugin,sbt.plugins.SemanticdbPlugin)
[debug] Plugins.deducer#function took 12.0073 ms
[info] loading settings for project pdsin3-build from idea.sbt ...
[debug]               Load.resolveProject(pdsin3-build) took 3.9451ms
[debug]             Load.loadTransitive: finalizeProject(Project(id pdsin3-build, base: C:\Users\etudiant\Documents\PDSIN3\project, plugins: List(<none>))) took 16.8361ms
[debug] [Loading] Done in C:\Users\etudiant\Documents\PDSIN3\project, returning: (pdsin3-build)
[debug]           Load.loadUnit: loadedProjectsRaw took 4237.3501ms
[debug]           Load.loadUnit: cleanEvalClasses took 10.8646ms
[debug]         Load.loadUnit(file:/C:/Users/etudiant/Documents/PDSIN3/project/, ...) took 4296.1769ms
[debug]       Load.apply: load took 4298.4614ms
[debug]       Load.apply: resolveProjects took 0.1272ms
[debug]       Load.apply: finalTransforms took 16.6297ms
[debug]       Load.apply: config.delegates took 0.4374ms
[debug]       Load.apply: Def.make(settings)... took 135.142ms
[debug]       Load.apply: structureIndex took 40.8393ms
[debug]       Load.apply: mkStreams took 0.0028ms
[info] loading project definition from C:\Users\etudiant\Documents\PDSIN3\project
[debug] Running task... Cancel: Signal, check cycles: false, forcegc: true
[debug]     Load.loadUnit: plugins took 6866.8855ms
[debug]     Load.loadUnit: defsScala took 0.0038ms
[debug] [Loading] Scanning directory C:\Users\etudiant\Documents\PDSIN3
[debug]       Load.loadUnit: mkEval took 0.3805ms
[debug] [Loading] Found non-root projects 
[debug] [Loading] Done in C:\Users\etudiant\Documents\PDSIN3, returning: ()
[debug] deducing auto plugins based on known facts Set(Atom(sbt.plugins.CorePlugin)) and clauses Clauses(List(Clause(Atom(sbt.plugins.JvmPlugin),Set(Atom(sbt.plugins.IvyPlugin))), Clause(Atom(sbt.ScriptedPlugin),Set(Atom(sbt.plugins.JvmPlugin))), Clause(Atom(sbt.plugins.SbtPlugin),Set(Atom(sbt.ScriptedPlugin))), Clause(Atom(sbt.plugins.SemanticdbPlugin),Set(Atom(sbt.plugins.JvmPlugin))), Clause(Atom(sbt.plugins.JUnitXmlReportPlugin),Set(Atom(sbt.plugins.JvmPlugin))), Clause(Atom(sbt.plugins.MiniDependencyTreePlugin),Set(Atom(sbt.plugins.JvmPlugin))), Clause(Atom(org.jetbrains.sbt.StructurePlugin),Set(Atom(sbt.plugins.JvmPlugin))), Clause(Atom(org.jetbrains.sbt.IdeaShellPlugin),Set(Atom(sbt.plugins.JvmPlugin))), Clause(Atom(org.jetbrains.sbt.indices.SbtIntellijIndicesPlugin),Set(Atom(sbt.plugins.JvmPlugin))), Clause(Atom(sbt.plugins.CorePlugin),Set(Atom(sbt.plugins.IvyPlugin))), Clause(Atom(sbt.plugins.IvyPlugin),Set(Atom(sbt.plugins.JvmPlugin))), Clause(Atom(sbt.plugins.JvmPlugin),Set(Atom(sbt.plugins.SemanticdbPlugin))), Clause(Atom(sbt.plugins.JvmPlugin),Set(Atom(sbt.plugins.JUnitXmlReportPlugin))), Clause(Atom(sbt.plugins.CorePlugin),Set(Atom(sbt.plugins.Giter8TemplatePlugin))), Clause(Atom(sbt.plugins.JvmPlugin),Set(Atom(sbt.plugins.MiniDependencyTreePlugin))), Clause(Atom(sbt.plugins.JvmPlugin),Set(Atom(org.jetbrains.sbt.StructurePlugin))), Clause(Atom(sbt.plugins.JvmPlugin),Set(Atom(org.jetbrains.sbt.IdeaShellPlugin))), Clause(And(Set(Atom(sbt.plugins.CorePlugin), Atom(sbt.plugins.JvmPlugin))),Set(Atom(org.jetbrains.sbt.indices.SbtIntellijIndicesPlugin)))))
[debug]   :: deduced result: Matched(sbt.plugins.CorePlugin,sbt.plugins.Giter8TemplatePlugin,sbt.plugins.IvyPlugin,sbt.plugins.JvmPlugin,sbt.plugins.SemanticdbPlugin,org.jetbrains.sbt.indices.SbtIntellijIndicesPlugin,sbt.plugins.JUnitXmlReportPlugin,org.jetbrains.sbt.IdeaShellPlugin,org.jetbrains.sbt.StructurePlugin,sbt.plugins.MiniDependencyTreePlugin)
[debug] Plugins.deducer#function took 4.2821 ms
[info] loading settings for project pdsin3 from build.sbt ...
[debug]         Load.resolveProject(pdsin3) took 53.0985ms
[debug]       Load.loadTransitive: finalizeProject(Project(id pdsin3, base: C:\Users\etudiant\Documents\PDSIN3, plugins: List(<none>))) took 58.8016ms
[debug] [Loading] Done in C:\Users\etudiant\Documents\PDSIN3, returning: (pdsin3)
[debug]     Load.loadUnit: loadedProjectsRaw took 4485.7053ms
[debug]     Load.loadUnit: cleanEvalClasses took 30.8038ms
[debug]   Load.loadUnit(file:/C:/Users/etudiant/Documents/PDSIN3/, ...) took 11384.1441ms
[debug] Load.apply: load took 11386.1874ms
[debug] Load.apply: resolveProjects took 0.1501ms
[debug] Load.apply: finalTransforms took 41.0552ms
[debug] Load.apply: config.delegates took 0.3489ms
[debug] Load.apply: Def.make(settings)... took 123.6208ms
[debug] Load.apply: structureIndex took 33.8755ms
[debug] Load.apply: mkStreams took 0.0163ms
[info] set current project to deta-senpai (in build file:/C:/Users/etudiant/Documents/PDSIN3/)
[debug] > Exec(sbtPopOnFailure, None, None)
[debug] > Exec(resumeFromFailure, None, None)
[debug] > Exec(notifyUsersAboutShell, None, None)
[debug] > Exec(iflast shell, None, None)
[debug] > Exec(; set ideaPort in Global := 62966 ; idea-shell, None, None)
[debug] > Exec(set ideaPort in Global := 62966, None, None)
[info] Defining Global / ideaPort
[info] The new value will be used by Compile / compile, Test / compile
[debug] Defining 
[debug] 	Global / ideaPort
[debug] 
[debug] The new value will be used by 
[debug] 	Compile / compile
[debug] 	Test / compile
[info] Reapplying settings...
[info] set current project to deta-senpai (in build file:/C:/Users/etudiant/Documents/PDSIN3/)
[debug] > Exec(idea-shell, None, None)
